============================= test session starts =============================
platform win32 -- Python 3.12.4, pytest-8.2.2, pluggy-1.6.0
rootdir: C:\Users\BUNNY\Desktop\Negotiation Project\GenAI_Part
plugins: anyio-4.12.1, langsmith-0.10.3, asyncio-0.23.7, cov-5.0.0
asyncio: mode=Mode.STRICT
collected 0 items / 5 errors

=================================== ERRORS ====================================
____________________ ERROR collecting tests/test_agents.py ____________________
ImportError while importing test module 'C:\Users\BUNNY\Desktop\Negotiation Project\GenAI_Part\tests\test_agents.py'.
Hint: make sure your test modules/packages have valid Python names.
Traceback:
..\..\..\AppData\Local\Programs\Python\Python312\Lib\importlib\__init__.py:90: in import_module
    return _bootstrap._gcd_import(name[level:], package, level)
tests\test_agents.py:4: in <module>
    from acquirer_agent import acquirer_agent
E   ModuleNotFoundError: No module named 'acquirer_agent'
_____________________ ERROR collecting tests/test_app.py ______________________
ImportError while importing test module 'C:\Users\BUNNY\Desktop\Negotiation Project\GenAI_Part\tests\test_app.py'.
Hint: make sure your test modules/packages have valid Python names.
Traceback:
..\..\..\AppData\Local\Programs\Python\Python312\Lib\importlib\__init__.py:90: in import_module
    return _bootstrap._gcd_import(name[level:], package, level)
tests\test_app.py:6: in <module>
    from app import app, extract_text
E   ModuleNotFoundError: No module named 'app'
__________________ ERROR collecting tests/test_classifier.py __________________
ImportError while importing test module 'C:\Users\BUNNY\Desktop\Negotiation Project\GenAI_Part\tests\test_classifier.py'.
Hint: make sure your test modules/packages have valid Python names.
Traceback:
..\..\..\AppData\Local\Programs\Python\Python312\Lib\importlib\__init__.py:90: in import_module
    return _bootstrap._gcd_import(name[level:], package, level)
tests\test_classifier.py:3: in <module>
    from classifier import classify_contract
E   ModuleNotFoundError: No module named 'classifier'
_____________________ ERROR collecting tests/test_main.py _____________________
ImportError while importing test module 'C:\Users\BUNNY\Desktop\Negotiation Project\GenAI_Part\tests\test_main.py'.
Hint: make sure your test modules/packages have valid Python names.
Traceback:
..\..\..\AppData\Local\Programs\Python\Python312\Lib\importlib\__init__.py:90: in import_module
    return _bootstrap._gcd_import(name[level:], package, level)
tests\test_main.py:6: in <module>
    from main import clean_val, extract_text, print_classification_table, print_negotiation_report
E   ModuleNotFoundError: No module named 'main'
______________ ERROR collecting tests/test_negotiation_graph.py _______________
ImportError while importing test module 'C:\Users\BUNNY\Desktop\Negotiation Project\GenAI_Part\tests\test_negotiation_graph.py'.
Hint: make sure your test modules/packages have valid Python names.
Traceback:
..\..\..\AppData\Local\Programs\Python\Python312\Lib\importlib\__init__.py:90: in import_module
    return _bootstrap._gcd_import(name[level:], package, level)
tests\test_negotiation_graph.py:3: in <module>
    from negotiation_graph import NegotiationState, issuer_node, acquirer_node, reconciler_node, negotiation_workflow
E   ModuleNotFoundError: No module named 'negotiation_graph'
=========================== short test summary info ===========================
ERROR tests/test_agents.py
ERROR tests/test_app.py
ERROR tests/test_classifier.py
ERROR tests/test_main.py
ERROR tests/test_negotiation_graph.py
!!!!!!!!!!!!!!!!!!! Interrupted: 5 errors during collection !!!!!!!!!!!!!!!!!!!
============================== 5 errors in 0.31s ==============================
