<?xml version="1.0" encoding="utf-8"?><testsuites><testsuite name="pytest" errors="6" failures="0" skipped="0" tests="6" time="0.373" timestamp="2026-07-22T18:57:41.776985" hostname="DESKTOP-28TAJCF"><testcase classname="" name="test_output.txt" time="0.000"><error message="collection failure">..\..\..\AppData\Local\Programs\Python\Python312\Lib\pathlib.py:1028: in read_text
    return f.read()
&lt;frozen codecs&gt;:322: in decode
    ???
E   UnicodeDecodeError: 'utf-8' codec can't decode byte 0xff in position 0: invalid start byte</error></testcase><testcase classname="" name="tests.test_agents" time="0.000"><error message="collection failure">ImportError while importing test module 'C:\Users\BUNNY\Desktop\Negotiation Project\GenAI_Part\tests\test_agents.py'.
Hint: make sure your test modules/packages have valid Python names.
Traceback:
..\..\..\AppData\Local\Programs\Python\Python312\Lib\importlib\__init__.py:90: in import_module
    return _bootstrap._gcd_import(name[level:], package, level)
tests\test_agents.py:4: in &lt;module&gt;
    from acquirer_agent import acquirer_agent
E   ModuleNotFoundError: No module named 'acquirer_agent'</error></testcase><testcase classname="" name="tests.test_app" time="0.000"><error message="collection failure">ImportError while importing test module 'C:\Users\BUNNY\Desktop\Negotiation Project\GenAI_Part\tests\test_app.py'.
Hint: make sure your test modules/packages have valid Python names.
Traceback:
..\..\..\AppData\Local\Programs\Python\Python312\Lib\importlib\__init__.py:90: in import_module
    return _bootstrap._gcd_import(name[level:], package, level)
tests\test_app.py:6: in &lt;module&gt;
    from app import app, extract_text
E   ModuleNotFoundError: No module named 'app'</error></testcase><testcase classname="" name="tests.test_classifier" time="0.000"><error message="collection failure">ImportError while importing test module 'C:\Users\BUNNY\Desktop\Negotiation Project\GenAI_Part\tests\test_classifier.py'.
Hint: make sure your test modules/packages have valid Python names.
Traceback:
..\..\..\AppData\Local\Programs\Python\Python312\Lib\importlib\__init__.py:90: in import_module
    return _bootstrap._gcd_import(name[level:], package, level)
tests\test_classifier.py:3: in &lt;module&gt;
    from classifier import classify_contract
E   ModuleNotFoundError: No module named 'classifier'</error></testcase><testcase classname="" name="tests.test_main" time="0.000"><error message="collection failure">ImportError while importing test module 'C:\Users\BUNNY\Desktop\Negotiation Project\GenAI_Part\tests\test_main.py'.
Hint: make sure your test modules/packages have valid Python names.
Traceback:
..\..\..\AppData\Local\Programs\Python\Python312\Lib\importlib\__init__.py:90: in import_module
    return _bootstrap._gcd_import(name[level:], package, level)
tests\test_main.py:6: in &lt;module&gt;
    from main import clean_val, extract_text, print_classification_table, print_negotiation_report
E   ModuleNotFoundError: No module named 'main'</error></testcase><testcase classname="" name="tests.test_negotiation_graph" time="0.000"><error message="collection failure">ImportError while importing test module 'C:\Users\BUNNY\Desktop\Negotiation Project\GenAI_Part\tests\test_negotiation_graph.py'.
Hint: make sure your test modules/packages have valid Python names.
Traceback:
..\..\..\AppData\Local\Programs\Python\Python312\Lib\importlib\__init__.py:90: in import_module
    return _bootstrap._gcd_import(name[level:], package, level)
tests\test_negotiation_graph.py:3: in &lt;module&gt;
    from negotiation_graph import NegotiationState, issuer_node, acquirer_node, reconciler_node, negotiation_workflow
E   ModuleNotFoundError: No module named 'negotiation_graph'</error></testcase></testsuite></testsuites>